This is pdfTeX, Version 3.1415926-2.5-1.40.14 (TeX Live 2013/Debian) (format=pdflatex 2015.5.21)  18 JUN 2015 12:10
entering extended mode
 restricted \write18 enabled.
 %&-line parsing enabled.
**thesis.tex
(./thesis.tex
LaTeX2e <2011/06/27>
Babel <3.9h> and hyphenation patterns for 2 languages loaded.
(/usr/share/texlive/texmf-dist/tex/latex/base/report.cls
Document Class: report 2007/10/19 v1.4h Standard LaTeX document class
(/usr/share/texlive/texmf-dist/tex/latex/base/size11.clo
File: size11.clo 2007/10/19 v1.4h Standard LaTeX file (size option)
)
\c@part=\count79
\c@chapter=\count80
\c@section=\count81
\c@subsection=\count82
\c@subsubsection=\count83
\c@paragraph=\count84
\c@subparagraph=\count85
\c@figure=\count86
\c@table=\count87
\abovecaptionskip=\skip41
\belowcaptionskip=\skip42
\bibindent=\dimen102
) (./thesis.sty
(/usr/share/texlive/texmf-dist/tex/latex/graphics/graphicx.sty
Package: graphicx 1999/02/16 v1.0f Enhanced LaTeX Graphics (DPC,SPQR)

(/usr/share/texlive/texmf-dist/tex/latex/graphics/keyval.sty
Package: keyval 1999/03/16 v1.13 key=value parser (DPC)
\KV@toks@=\toks14
)
(/usr/share/texlive/texmf-dist/tex/latex/graphics/graphics.sty
Package: graphics 2009/02/05 v1.0o Standard LaTeX Graphics (DPC,SPQR)

(/usr/share/texlive/texmf-dist/tex/latex/graphics/trig.sty
Package: trig 1999/03/16 v1.09 sin cos tan (DPC)
)
(/usr/share/texlive/texmf-dist/tex/latex/latexconfig/graphics.cfg
File: graphics.cfg 2010/04/23 v1.9 graphics configuration of TeX Live
)
Package graphics Info: Driver file: pdftex.def on input line 91.

(/usr/share/texlive/texmf-dist/tex/latex/pdftex-def/pdftex.def
File: pdftex.def 2011/05/27 v0.06d Graphics/color for pdfTeX

(/usr/share/texlive/texmf-dist/tex/generic/oberdiek/infwarerr.sty
Package: infwarerr 2010/04/08 v1.3 Providing info/warning/error messages (HO)
)
(/usr/share/texlive/texmf-dist/tex/generic/oberdiek/ltxcmds.sty
Package: ltxcmds 2011/11/09 v1.22 LaTeX kernel commands for general use (HO)
)
\Gread@gobject=\count88
))
\Gin@req@height=\dimen103
\Gin@req@width=\dimen104
)
(/usr/share/texlive/texmf-dist/tex/latex/base/latexsym.sty
Package: latexsym 1998/08/17 v2.2e Standard LaTeX package (lasy symbols)
\symlasy=\mathgroup4
LaTeX Font Info:    Overwriting symbol font `lasy' in version `bold'
(Font)                  U/lasy/m/n --> U/lasy/b/n on input line 47.
)
(/usr/share/texlive/texmf-dist/tex/latex/rotating/rotating.sty
Package: rotating 2009/03/28 v2.16a rotated objects in LaTeX

(/usr/share/texlive/texmf-dist/tex/latex/base/ifthen.sty
Package: ifthen 2001/05/26 v1.1c Standard LaTeX ifthen package (DPC)
)
\c@r@tfl@t=\count89
\rotFPtop=\skip43
\rotFPbot=\skip44
\rot@float@box=\box26
\rot@mess@toks=\toks15
) (./nth.sty
Package: nth 2002/02/27
)
(/usr/share/texlive/texmf-dist/tex/latex/setspace/setspace.sty
Package: setspace 2011/12/19 v6.7a set line spacing
)
(/usr/share/texlive/texmf-dist/tex/latex/fancyhdr/fancyhdr.sty
\fancy@headwidth=\skip45
\f@ncyO@elh=\skip46
\f@ncyO@erh=\skip47
\f@ncyO@olh=\skip48
\f@ncyO@orh=\skip49
\f@ncyO@elf=\skip50
\f@ncyO@erf=\skip51
\f@ncyO@olf=\skip52
\f@ncyO@orf=\skip53
)
(/usr/share/texlive/texmf-dist/tex/latex/geometry/geometry.sty
Package: geometry 2010/09/12 v5.6 Page Geometry

(/usr/share/texlive/texmf-dist/tex/generic/oberdiek/ifpdf.sty
Package: ifpdf 2011/01/30 v2.3 Provides the ifpdf switch (HO)
Package ifpdf Info: pdfTeX in PDF mode is detected.
)
(/usr/share/texlive/texmf-dist/tex/generic/oberdiek/ifvtex.sty
Package: ifvtex 2010/03/01 v1.5 Detect VTeX and its facilities (HO)
Package ifvtex Info: VTeX not detected.
)
(/usr/share/texlive/texmf-dist/tex/generic/ifxetex/ifxetex.sty
Package: ifxetex 2010/09/12 v0.6 Provides ifxetex conditional
)
\Gm@cnth=\count90
\Gm@cntv=\count91
\c@Gm@tempcnt=\count92
\Gm@bindingoffset=\dimen105
\Gm@wd@mp=\dimen106
\Gm@odd@mp=\dimen107
\Gm@even@mp=\dimen108
\Gm@layoutwidth=\dimen109
\Gm@layoutheight=\dimen110
\Gm@layouthoffset=\dimen111
\Gm@layoutvoffset=\dimen112
\Gm@dimlist=\toks16
)
(/usr/share/texlive/texmf-dist/tex/latex/caption/subcaption.sty
Package: subcaption 2013/02/03 v1.1-62 Sub-captions (AR)

(/usr/share/texlive/texmf-dist/tex/latex/caption/caption.sty
Package: caption 2013/05/02 v3.3-89 Customizing captions (AR)

(/usr/share/texlive/texmf-dist/tex/latex/caption/caption3.sty
Package: caption3 2013/05/02 v1.6-88 caption3 kernel (AR)
Package caption3 Info: TeX engine: e-TeX on input line 57.
\captionmargin=\dimen113
\captionmargin@=\dimen114
\captionwidth=\dimen115
\caption@tempdima=\dimen116
\caption@indent=\dimen117
\caption@parindent=\dimen118
\caption@hangindent=\dimen119
)
\c@ContinuedFloat=\count93
Package caption Info: rotating package is loaded.
)
\c@subfigure=\count94
\c@subtable=\count95
)
(/usr/share/texlive/texmf-dist/tex/latex/listings/listings.sty
\lst@mode=\count96
\lst@gtempboxa=\box27
\lst@token=\toks17
\lst@length=\count97
\lst@currlwidth=\dimen120
\lst@column=\count98
\lst@pos=\count99
\lst@lostspace=\dimen121
\lst@width=\dimen122
\lst@newlines=\count100
\lst@lineno=\count101
\lst@maxwidth=\dimen123

(/usr/share/texlive/texmf-dist/tex/latex/listings/lstmisc.sty
File: lstmisc.sty 2013/08/26 1.5b (Carsten Heinz)
\c@lstnumber=\count102
\lst@skipnumbers=\count103
\lst@framebox=\box28
)
(/usr/share/texlive/texmf-dist/tex/latex/listings/listings.cfg
File: listings.cfg 2013/08/26 1.5b listings configuration
))
Package: listings 2013/08/26 1.5b (Carsten Heinz)

(/usr/share/texmf/tex/latex/xcolor/xcolor.sty
Package: xcolor 2007/01/21 v2.11 LaTeX color extensions (UK)

(/usr/share/texlive/texmf-dist/tex/latex/latexconfig/color.cfg
File: color.cfg 2007/01/18 v1.5 color configuration of teTeX/TeXLive
)
Package xcolor Info: Driver file: pdftex.def on input line 225.
Package xcolor Info: Model `cmy' substituted by `cmy0' on input line 1337.
Package xcolor Info: Model `hsb' substituted by `rgb' on input line 1341.
Package xcolor Info: Model `RGB' extended on input line 1353.
Package xcolor Info: Model `HTML' substituted by `rgb' on input line 1355.
Package xcolor Info: Model `Hsb' substituted by `hsb' on input line 1356.
Package xcolor Info: Model `tHsb' substituted by `hsb' on input line 1357.
Package xcolor Info: Model `HSB' substituted by `hsb' on input line 1358.
Package xcolor Info: Model `Gray' substituted by `gray' on input line 1359.
Package xcolor Info: Model `wave' substituted by `hsb' on input line 1360.
)
(/usr/share/texlive/texmf-dist/tex/latex/psnfss/helvet.sty
Package: helvet 2005/04/12 PSNFSS-v9.2a (WaS) 
)
(/usr/share/texlive/texmf-dist/tex/latex/psnfss/mathptmx.sty
Package: mathptmx 2005/04/12 PSNFSS-v9.2a Times w/ Math, improved (SPQR, WaS) 
LaTeX Font Info:    Redeclaring symbol font `operators' on input line 28.
LaTeX Font Info:    Overwriting symbol font `operators' in version `normal'
(Font)                  OT1/cmr/m/n --> OT1/ztmcm/m/n on input line 28.
LaTeX Font Info:    Overwriting symbol font `operators' in version `bold'
(Font)                  OT1/cmr/bx/n --> OT1/ztmcm/m/n on input line 28.
LaTeX Font Info:    Redeclaring symbol font `letters' on input line 29.
LaTeX Font Info:    Overwriting symbol font `letters' in version `normal'
(Font)                  OML/cmm/m/it --> OML/ztmcm/m/it on input line 29.
LaTeX Font Info:    Overwriting symbol font `letters' in version `bold'
(Font)                  OML/cmm/b/it --> OML/ztmcm/m/it on input line 29.
LaTeX Font Info:    Redeclaring symbol font `symbols' on input line 30.
LaTeX Font Info:    Overwriting symbol font `symbols' in version `normal'
(Font)                  OMS/cmsy/m/n --> OMS/ztmcm/m/n on input line 30.
LaTeX Font Info:    Overwriting symbol font `symbols' in version `bold'
(Font)                  OMS/cmsy/b/n --> OMS/ztmcm/m/n on input line 30.
LaTeX Font Info:    Redeclaring symbol font `largesymbols' on input line 31.
LaTeX Font Info:    Overwriting symbol font `largesymbols' in version `normal'
(Font)                  OMX/cmex/m/n --> OMX/ztmcm/m/n on input line 31.
LaTeX Font Info:    Overwriting symbol font `largesymbols' in version `bold'
(Font)                  OMX/cmex/m/n --> OMX/ztmcm/m/n on input line 31.
\symbold=\mathgroup5
\symitalic=\mathgroup6
LaTeX Font Info:    Redeclaring math alphabet \mathbf on input line 34.
LaTeX Font Info:    Overwriting math alphabet `\mathbf' in version `normal'
(Font)                  OT1/cmr/bx/n --> OT1/ptm/bx/n on input line 34.
LaTeX Font Info:    Overwriting math alphabet `\mathbf' in version `bold'
(Font)                  OT1/cmr/bx/n --> OT1/ptm/bx/n on input line 34.
LaTeX Font Info:    Redeclaring math alphabet \mathit on input line 35.
LaTeX Font Info:    Overwriting math alphabet `\mathit' in version `normal'
(Font)                  OT1/cmr/m/it --> OT1/ptm/m/it on input line 35.
LaTeX Font Info:    Overwriting math alphabet `\mathit' in version `bold'
(Font)                  OT1/cmr/bx/it --> OT1/ptm/m/it on input line 35.
LaTeX Info: Redefining \hbar on input line 50.
)
\c@cor=\count104
\c@thm=\count105
)
(/usr/share/texlive/texmf-dist/tex/latex/cite/cite.sty
LaTeX Info: Redefining \cite on input line 302.
LaTeX Info: Redefining \nocite on input line 373.
Package: cite 2010/09/10  v 5.3
)
(/usr/share/texlive/texmf-dist/tex/latex/tools/array.sty
Package: array 2008/09/09 v2.4c Tabular extension package (FMi)
\col@sep=\dimen124
\extrarowheight=\dimen125
\NC@list=\toks18
\extratabsurround=\skip54
\backup@length=\skip55
)
(/usr/share/texlive/texmf-dist/tex/latex/amsmath/amsmath.sty
Package: amsmath 2013/01/14 v2.14 AMS math features
\@mathmargin=\skip56

For additional information on amsmath, use the `?' option.
(/usr/share/texlive/texmf-dist/tex/latex/amsmath/amstext.sty
Package: amstext 2000/06/29 v2.01

(/usr/share/texlive/texmf-dist/tex/latex/amsmath/amsgen.sty
File: amsgen.sty 1999/11/30 v2.0
\@emptytoks=\toks19
\ex@=\dimen126
))
(/usr/share/texlive/texmf-dist/tex/latex/amsmath/amsbsy.sty
Package: amsbsy 1999/11/29 v1.2d
\pmbraise@=\dimen127
)
(/usr/share/texlive/texmf-dist/tex/latex/amsmath/amsopn.sty
Package: amsopn 1999/12/14 v2.01 operator names
)
\inf@bad=\count106
LaTeX Info: Redefining \frac on input line 210.
\uproot@=\count107
\leftroot@=\count108
LaTeX Info: Redefining \overline on input line 306.
\classnum@=\count109
\DOTSCASE@=\count110
LaTeX Info: Redefining \ldots on input line 378.
LaTeX Info: Redefining \dots on input line 381.
LaTeX Info: Redefining \cdots on input line 466.
\Mathstrutbox@=\box29
\strutbox@=\box30
\big@size=\dimen128
LaTeX Font Info:    Redeclaring font encoding OML on input line 566.
LaTeX Font Info:    Redeclaring font encoding OMS on input line 567.
\macc@depth=\count111
\c@MaxMatrixCols=\count112
\dotsspace@=\muskip10
\c@parentequation=\count113
\dspbrk@lvl=\count114
\tag@help=\toks20
\row@=\count115
\column@=\count116
\maxfields@=\count117
\andhelp@=\toks21
\eqnshift@=\dimen129
\alignsep@=\dimen130
\tagshift@=\dimen131
\tagwidth@=\dimen132
\totwidth@=\dimen133
\lineht@=\dimen134
\@envbody=\toks22
\multlinegap=\skip57
\multlinetaggap=\skip58
\mathdisplay@stack=\toks23
LaTeX Info: Redefining \[ on input line 2665.
LaTeX Info: Redefining \] on input line 2666.
)
(/usr/share/texlive/texmf-dist/tex/latex/url/url.sty
\Urlmuskip=\muskip11
Package: url 2013/09/16  ver 3.4  Verb mode for urls, etc.
) (./thesis.aux
(./abstract.aux) (./acknowledgments.aux) (./Chapters/chap1.aux)
(./Chapters/chap2.aux

LaTeX Warning: Label `fig:ray_cast1.jpg' multiply defined.


LaTeX Warning: Label `fig:ray_cast1.jpg' multiply defined.


LaTeX Warning: Label `fig:ray_cast1.jpg' multiply defined.


LaTeX Warning: Label `fig:ray_cast1.jpg' multiply defined.


LaTeX Warning: Label `fig:ray_cast1.jpg' multiply defined.

) (./Chapters/chap3.aux

LaTeX Warning: Label `fig:ray_cast1.jpg' multiply defined.


LaTeX Warning: Label `fig:ray_cast1.jpg' multiply defined.


LaTeX Warning: Label `fig:ray_cast1.jpg' multiply defined.


LaTeX Warning: Label `fig:ray_cast1.jpg' multiply defined.


LaTeX Warning: Label `fig:ray_cast1.jpg' multiply defined.


LaTeX Warning: Label `fig:ray_cast1.jpg' multiply defined.

) (./Chapters/chap4.aux

LaTeX Warning: Label `chap:errors' multiply defined.


LaTeX Warning: Label `fig:ray_cast1.jpg' multiply defined.


LaTeX Warning: Label `fig:ray_cast1.jpg' multiply defined.

) (./Chapters/chap5.aux

LaTeX Warning: Label `fig:ray_cast1.jpg' multiply defined.


LaTeX Warning: Label `fig:ray_cast1.jpg' multiply defined.

) (./Chapters/chap6.aux))
\openout1 = `thesis.aux'.

LaTeX Font Info:    Checking defaults for OML/cmm/m/it on input line 45.
LaTeX Font Info:    ... okay on input line 45.
LaTeX Font Info:    Checking defaults for T1/cmr/m/n on input line 45.
LaTeX Font Info:    ... okay on input line 45.
LaTeX Font Info:    Checking defaults for OT1/cmr/m/n on input line 45.
LaTeX Font Info:    ... okay on input line 45.
LaTeX Font Info:    Checking defaults for OMS/cmsy/m/n on input line 45.
LaTeX Font Info:    ... okay on input line 45.
LaTeX Font Info:    Checking defaults for OMX/cmex/m/n on input line 45.
LaTeX Font Info:    ... okay on input line 45.
LaTeX Font Info:    Checking defaults for U/cmr/m/n on input line 45.
LaTeX Font Info:    ... okay on input line 45.
LaTeX Font Info:    Try loading font information for OT1+ptm on input line 45.

(/usr/share/texlive/texmf-dist/tex/latex/psnfss/ot1ptm.fd
File: ot1ptm.fd 2001/06/04 font definitions for OT1/ptm.
)
(/usr/share/texlive/texmf-dist/tex/context/base/supp-pdf.mkii
[Loading MPS to PDF converter (version 2006.09.02).]
\scratchcounter=\count118
\scratchdimen=\dimen135
\scratchbox=\box31
\nofMPsegments=\count119
\nofMParguments=\count120
\everyMPshowfont=\toks24
\MPscratchCnt=\count121
\MPscratchDim=\dimen136
\MPnumerator=\count122
\makeMPintoPDFobject=\count123
\everyMPtoPDFconversion=\toks25
) (/usr/share/texlive/texmf-dist/tex/generic/oberdiek/pdftexcmds.sty
Package: pdftexcmds 2011/11/29 v0.20 Utility functions of pdfTeX for LuaTeX (HO
)

(/usr/share/texlive/texmf-dist/tex/generic/oberdiek/ifluatex.sty
Package: ifluatex 2010/03/01 v1.3 Provides the ifluatex switch (HO)
Package ifluatex Info: LuaTeX not detected.
)
Package pdftexcmds Info: LuaTeX not detected.
Package pdftexcmds Info: \pdf@primitive is available.
Package pdftexcmds Info: \pdf@ifprimitive is available.
Package pdftexcmds Info: \pdfdraftmode found.
)
(/usr/share/texlive/texmf-dist/tex/latex/oberdiek/epstopdf-base.sty
Package: epstopdf-base 2010/02/09 v2.5 Base part for package epstopdf

(/usr/share/texlive/texmf-dist/tex/latex/oberdiek/grfext.sty
Package: grfext 2010/08/19 v1.1 Manage graphics extensions (HO)

(/usr/share/texlive/texmf-dist/tex/generic/oberdiek/kvdefinekeys.sty
Package: kvdefinekeys 2011/04/07 v1.3 Define keys (HO)
))
(/usr/share/texlive/texmf-dist/tex/latex/oberdiek/kvoptions.sty
Package: kvoptions 2011/06/30 v3.11 Key value format for package options (HO)

(/usr/share/texlive/texmf-dist/tex/generic/oberdiek/kvsetkeys.sty
Package: kvsetkeys 2012/04/25 v1.16 Key value parser (HO)

(/usr/share/texlive/texmf-dist/tex/generic/oberdiek/etexcmds.sty
Package: etexcmds 2011/02/16 v1.5 Avoid name clashes with e-TeX commands (HO)
Package etexcmds Info: Could not find \expanded.
(etexcmds)             That can mean that you are not using pdfTeX 1.50 or
(etexcmds)             that some package has redefined \expanded.
(etexcmds)             In the latter case, load this package earlier.
)))
Package grfext Info: Graphics extension search list:
(grfext)             [.png,.pdf,.jpg,.mps,.jpeg,.jbig2,.jb2,.PNG,.PDF,.JPG,.JPE
G,.JBIG2,.JB2,.eps]
(grfext)             \AppendGraphicsExtensions on input line 452.

(/usr/share/texlive/texmf-dist/tex/latex/latexconfig/epstopdf-sys.cfg
File: epstopdf-sys.cfg 2010/07/13 v1.3 Configuration of (r)epstopdf for TeX Liv
e
))
*geometry* driver: auto-detecting
*geometry* detected driver: pdftex
*geometry* verbose mode - [ preamble ] result:
* driver: pdftex
* paper: a4paper
* layout: <same size as paper>
* layoutoffset:(h,v)=(0.0pt,0.0pt)
* modes: 
* h-part:(L,W,R)=(108.405pt, 416.83289pt, 72.26999pt)
* v-part:(T,H,B)=(108.405pt, 664.37186pt, 72.26999pt)
* \paperwidth=597.50787pt
* \paperheight=845.04684pt
* \textwidth=416.83289pt
* \textheight=664.37186pt
* \oddsidemargin=36.13501pt
* \evensidemargin=36.13501pt
* \topmargin=-0.86499pt
* \headheight=12.0pt
* \headsep=60.0pt
* \topskip=11.0pt
* \footskip=30.0pt
* \marginparwidth=50.0pt
* \marginparsep=10.0pt
* \columnsep=10.0pt
* \skip\footins=10.0pt plus 4.0pt minus 2.0pt
* \hoffset=0.0pt
* \voffset=-36.0pt
* \mag=1000
* \@twocolumnfalse
* \@twosidefalse
* \@mparswitchfalse
* \@reversemarginfalse
* (1in=72.27pt=25.4mm, 1cm=28.453pt)

Package caption Info: Begin \AtBeginDocument code.
Package caption Info: listings package is loaded.
Package caption Info: End \AtBeginDocument code.
\c@lstlisting=\count124
LaTeX Font Info:    Font shape `OT1/ptm/bx/n' in size <17.28> not available
(Font)              Font shape `OT1/ptm/b/n' tried instead on input line 47.
LaTeX Font Info:    Font shape `OT1/ptm/bx/n' in size <14.4> not available
(Font)              Font shape `OT1/ptm/b/n' tried instead on input line 47.
<Images/iiitb_logo.png, id=1, 586.44093pt x 486.31688pt>
File: Images/iiitb_logo.png Graphic file (type png)

<use Images/iiitb_logo.png>
Package pdftex.def Info: Images/iiitb_logo.png used on input line 47.
(pdftex.def)             Requested size: 62.52238pt x 51.84764pt.
 [1

{/var/lib/texmf/fonts/map/pdftex/updmap/pdftex.map} <./Images/iiitb_logo.png (P
NG copy)>] [1

]
LaTeX Font Info:    Font shape `OT1/ptm/bx/n' in size <12> not available
(Font)              Font shape `OT1/ptm/b/n' tried instead on input line 47.

Underfull \hbox (badness 10000) in paragraph at lines 47--47

 []

LaTeX Font Info:    Try loading font information for OT1+ztmcm on input line 47
.
(/usr/share/texlive/texmf-dist/tex/latex/psnfss/ot1ztmcm.fd
File: ot1ztmcm.fd 2000/01/03 Fontinst v1.801 font definitions for OT1/ztmcm.
)
LaTeX Font Info:    Try loading font information for OML+ztmcm on input line 47
.

(/usr/share/texlive/texmf-dist/tex/latex/psnfss/omlztmcm.fd
File: omlztmcm.fd 2000/01/03 Fontinst v1.801 font definitions for OML/ztmcm.
)
LaTeX Font Info:    Try loading font information for OMS+ztmcm on input line 47
.

(/usr/share/texlive/texmf-dist/tex/latex/psnfss/omsztmcm.fd
File: omsztmcm.fd 2000/01/03 Fontinst v1.801 font definitions for OMS/ztmcm.
)
LaTeX Font Info:    Try loading font information for OMX+ztmcm on input line 47
.

(/usr/share/texlive/texmf-dist/tex/latex/psnfss/omxztmcm.fd
File: omxztmcm.fd 2000/01/03 Fontinst v1.801 font definitions for OMX/ztmcm.
)
LaTeX Font Info:    Try loading font information for U+lasy on input line 47.

(/usr/share/texlive/texmf-dist/tex/latex/base/ulasy.fd
File: ulasy.fd 1998/08/17 v2.2e LaTeX symbol font definitions
)
LaTeX Font Info:    Font shape `OT1/ptm/bx/n' in size <9> not available
(Font)              Font shape `OT1/ptm/b/n' tried instead on input line 47.
LaTeX Font Info:    Font shape `OT1/ptm/bx/n' in size <7> not available
(Font)              Font shape `OT1/ptm/b/n' tried instead on input line 47.
 [2

]
Underfull \hbox (badness 10000) in paragraph at lines 47--47

 []

[3

]
\openout2 = `abstract.aux'.

 (./abstract.tex
Missing character: There is no ‚ in font ptmr7t!
Missing character: There is no Ä in font ptmr7t!
Missing character: There is no ã in font ptmr7t!
)

Package Fancyhdr Warning: \headheight is too small (12.0pt): 
 Make it at least 13.59999pt.
 We now make it that large for the rest of the document.
 This may cause the page layout to be inconsistent, however.

[4


]
\openout2 = `acknowledgments.aux'.

 (./acknowledgments.tex) [5


]
LaTeX Font Info:    Font shape `OT1/ptm/bx/n' in size <24.88> not available
(Font)              Font shape `OT1/ptm/b/n' tried instead on input line 47.
 (./thesis.toc [6


] [7] [8])
\tf@toc=\write3
\openout3 = `thesis.toc'.

 [9] (./thesis.lof
[10


])
\tf@lof=\write4
\openout4 = `thesis.lof'.

 [11] (./thesis.lot)
\tf@lot=\write5
\openout5 = `thesis.lot'.

 [12


]
\openout2 = `Chapters/chap1.aux'.

 (./Chapters/chap1.tex
Chapter 1.
LaTeX Font Info:    Font shape `OT1/ptm/bx/n' in size <20.74> not available
(Font)              Font shape `OT1/ptm/b/n' tried instead on input line 3.

Underfull \hbox (badness 10000) in paragraph at lines 7--8

 []

[1



] [2] [3]
Missing character: There is no ‚ in font ptmr7t!
Missing character: There is no Ä in font ptmr7t!
Missing character: There is no ô in font ptmr7t!
 [4] [5] [6]) [7]
\openout2 = `Chapters/chap2.aux'.

 (./Chapters/chap2.tex
Chapter 2.
[8



]
LaTeX Font Info:    Try loading font information for OMS+ptm on input line 18.
 (/usr/share/texlive/texmf-dist/tex/latex/psnfss/omsptm.fd
File: omsptm.fd 
)
LaTeX Font Info:    Font shape `OMS/ptm/m/n' in size <12> not available
(Font)              Font shape `OMS/cmsy/m/n' tried instead on input line 18.
LaTeX Font Info:    Font shape `OT1/ptm/bx/n' in size <10.95> not available
(Font)              Font shape `OT1/ptm/b/n' tried instead on input line 29.
 [9]
Missing character: There is no ‚ in font ptmr7t!
Missing character: There is no Ä in font ptmr7t!
Missing character: There is no ô in font ptmr7t!

Overfull \hbox (8.21452pt too wide) in paragraph at lines 38--39
\OT1/ptm/m/n/12 A voxel rep-re-sents a sin-gle sam-ple, or data point, on a reg
-u-larly spaced, three-dimensional
 []

Missing character: There is no ‚ in font ptmr7t!
Missing character: There is no Ä in font ptmr7t!
Missing character: There is no ú in font ptmr7t!
Missing character: There is no ‚ in font ptmr7t!
Missing character: There is no Ä in font ptmr7t!
Missing character: There is no ù in font ptmr7t!
[10] <Images/foot_different_TF.jpg, id=80, 593.21625pt x 472.76625pt>
File: Images/foot_different_TF.jpg Graphic file (type jpg)

<use Images/foot_different_TF.jpg>
Package pdftex.def Info: Images/foot_different_TF.jpg used on input line 52.
(pdftex.def)             Requested size: 350.0pt x 278.94409pt.


LaTeX Warning: `!h' float specifier changed to `!ht'.

[11] <Images/ray_cast1.jpg, id=84, 233.37187pt x 190.7125pt>
File: Images/ray_cast1.jpg Graphic file (type jpg)

<use Images/ray_cast1.jpg>
Package pdftex.def Info: Images/ray_cast1.jpg used on input line 75.
(pdftex.def)             Requested size: 220.0pt x 179.79356pt.
 [12 <./Images/foot_different_TF.jpg>]
Underfull \hbox (badness 10000) in paragraph at lines 86--87

 []

[13 <./Images/ray_cast1.jpg>]
<Images/cube.png, id=92, 584.1825pt x 412.54124pt>
File: Images/cube.png Graphic file (type png)
 <use Images/cube.png>
Package pdftex.def Info: Images/cube.png used on input line 92.
(pdftex.def)             Requested size: 320.0pt x 225.98563pt.

(/usr/share/texlive/texmf-dist/tex/latex/listings/lstlang1.sty
File: lstlang1.sty 2013/08/26 1.5b listings language file
)
(/usr/share/texlive/texmf-dist/tex/latex/listings/lstmisc.sty
File: lstmisc.sty 2013/08/26 1.5b (Carsten Heinz)
)
Underfull \hbox (badness 10000) in paragraph at lines 114--116

 []

[14 <./Images/cube.png>]
<Images/ray_entry_exit.jpg, id=99, 420.06938pt x 227.34938pt>
File: Images/ray_entry_exit.jpg Graphic file (type jpg)

<use Images/ray_entry_exit.jpg>
Package pdftex.def Info: Images/ray_entry_exit.jpg used on input line 134.
(pdftex.def)             Requested size: 350.0pt x 189.42844pt.

<Images/sampling1.jpg, id=100, 138.5175pt x 190.7125pt>
File: Images/sampling1.jpg Graphic file (type jpg)

<use Images/sampling1.jpg>
Package pdftex.def Info: Images/sampling1.jpg used on input line 145.
(pdftex.def)             Requested size: 120.0pt x 165.2172pt.


LaTeX Warning: `h' float specifier changed to `ht'.

[15 <./Images/ray_entry_exit.jpg>] [16 <./Images/sampling1.jpg>]
Underfull \hbox (badness 10000) in paragraph at lines 181--182

 []

<Images/dvr_head.png, id=109, 466.74374pt x 470.75874pt>
File: Images/dvr_head.png Graphic file (type png)

<use Images/dvr_head.png>
Package pdftex.def Info: Images/dvr_head.png used on input line 196.
(pdftex.def)             Requested size: 220.0pt x 221.89594pt.
 [17]) [18 <./Images/dvr_head.png>]
\openout2 = `Chapters/chap3.aux'.


(./Chapters/chap3.tex [19


]
Chapter 3.
[20

] <Images/cut-away.png, id=123, 441.65pt x 309.155pt>
File: Images/cut-away.png Graphic file (type png)

<use Images/cut-away.png>
Package pdftex.def Info: Images/cut-away.png used on input line 27.
(pdftex.def)             Requested size: 220.0pt x 154.0016pt.


LaTeX Warning: `!h' float specifier changed to `!ht'.

<Images/vol-peeling.png, id=124, 780.9175pt x 209.78375pt>
File: Images/vol-peeling.png Graphic file (type png)

<use Images/vol-peeling.png>
Package pdftex.def Info: Images/vol-peeling.png used on input line 35.
(pdftex.def)             Requested size: 250.0pt x 67.15776pt.
 [21] [22 <./Images/cut-away.png> <./Images/vol-peeling.png>] <Images/size-tf.p
ng, id=131, 526.96875pt x 236.885pt>
File: Images/size-tf.png Graphic file (type png)

<use Images/size-tf.png>
Package pdftex.def Info: Images/size-tf.png used on input line 50.
(pdftex.def)             Requested size: 250.0pt x 112.38057pt.
 [23 <./Images/size-tf.png>] [24]
<Images/VHistogram.jpg, id=143, 564.1075pt x 362.35374pt>
File: Images/VHistogram.jpg Graphic file (type jpg)

<use Images/VHistogram.jpg>
Package pdftex.def Info: Images/VHistogram.jpg used on input line 100.
(pdftex.def)             Requested size: 250.0pt x 160.58618pt.

Underfull \hbox (badness 10000) in paragraph at lines 107--109

 []

<Images/tf_influence.jpg, id=144, 1075.01625pt x 770.88pt>
File: Images/tf_influence.jpg Graphic file (type jpg)

<use Images/tf_influence.jpg>
Package pdftex.def Info: Images/tf_influence.jpg used on input line 112.
(pdftex.def)             Requested size: 450.0pt x 322.68523pt.

Overfull \hbox (33.16711pt too wide) in paragraph at lines 112--113
 [][] 
 []


Underfull \hbox (badness 10000) in paragraph at lines 118--119

 []

[25 <./Images/VHistogram.jpg>] [26 <./Images/tf_influence.jpg>]
<Images/tf_view_influence.jpg, id=151, 774.895pt x 894.34125pt>
File: Images/tf_view_influence.jpg Graphic file (type jpg)

<use Images/tf_view_influence.jpg>
Package pdftex.def Info: Images/tf_view_influence.jpg used on input line 122.
(pdftex.def)             Requested size: 450.0pt x 519.37332pt.

Overfull \hbox (33.16711pt too wide) in paragraph at lines 122--123
 [][] 
 []

[27] [28 <./Images/tf_view_influence.jpg>]
<Images/VH_pipeline.jpg, id=158, 610.28pt x 453.695pt>
File: Images/VH_pipeline.jpg Graphic file (type jpg)

<use Images/VH_pipeline.jpg>
Package pdftex.def Info: Images/VH_pipeline.jpg used on input line 139.
(pdftex.def)             Requested size: 350.0pt x 260.20801pt.
 [29 <./Images/VH_pipeline.jpg>]
<Images/occlusion.jpg, id=162, 674.52pt x 673.51625pt>
File: Images/occlusion.jpg Graphic file (type jpg)

<use Images/occlusion.jpg>
Package pdftex.def Info: Images/occlusion.jpg used on input line 152.
(pdftex.def)             Requested size: 350.0pt x 349.48024pt.
 [30 <./Images/occlusion.jpg>]
Underfull \hbox (badness 10000) in paragraph at lines 171--172

 []

[31] <Images/NON-VOI.png, id=170, 459.7175pt x 464.73625pt>
File: Images/NON-VOI.png Graphic file (type png)

<use Images/NON-VOI.png>
Package pdftex.def Info: Images/NON-VOI.png used on input line 179.
(pdftex.def)             Requested size: 225.0905pt x 227.55255pt.
LaTeX Font Info:    Font shape `OT1/ptm/bx/n' in size <8> not available
(Font)              Font shape `OT1/ptm/b/n' tried instead on input line 182.
LaTeX Font Info:    Font shape `OT1/ptm/bx/n' in size <6> not available
(Font)              Font shape `OT1/ptm/b/n' tried instead on input line 182.
 <Images/VOI.png, id=171, 436.63126pt x 447.6725pt>
File: Images/VOI.png Graphic file (type png)

<use Images/VOI.png>
Package pdftex.def Info: Images/VOI.png used on input line 185.
(pdftex.def)             Requested size: 225.0905pt x 230.78275pt.
) [32] [33 <./Images/NON-VOI.png> <./Images/VOI.png>]
\openout2 = `Chapters/chap4.aux'.


(./Chapters/chap4.tex
Chapter 4.
[34



] <Images/Vol-ROI.png, id=181, 449.68pt x 428.60126pt>
File: Images/Vol-ROI.png Graphic file (type png)

<use Images/Vol-ROI.png>
Package pdftex.def Info: Images/Vol-ROI.png used on input line 24.
(pdftex.def)             Requested size: 350.0pt x 333.60786pt.


LaTeX Warning: `!h' float specifier changed to `!ht'.

<Images/pet-ct-roi.png, id=182, 604.2575pt x 222.8325pt>
File: Images/pet-ct-roi.png Graphic file (type png)

<use Images/pet-ct-roi.png>
Package pdftex.def Info: Images/pet-ct-roi.png used on input line 33.
(pdftex.def)             Requested size: 300.0pt x 110.63054pt.


LaTeX Warning: `!h' float specifier changed to `!ht'.

[35] [36 <./Images/Vol-ROI.png> <./Images/pet-ct-roi.png>]
<Images/i=0.png, id=191, 409.53pt x 436.63126pt>
File: Images/i=0.png Graphic file (type png)
 <use Images/i=0.png>
Package pdftex.def Info: Images/i=0.png used on input line 54.
(pdftex.def)             Requested size: 149.99898pt x 149.99835pt.

<Images/i=1.png, id=192, 456.70625pt x 481.8pt>
File: Images/i=1.png Graphic file (type png)
 <use Images/i=1.png>
Package pdftex.def Info: Images/i=1.png used on input line 55.
(pdftex.def)             Requested size: 149.99574pt x 149.99605pt.

<Images/i=3.png, id=193, 449.68pt x 476.78125pt>
File: Images/i=3.png Graphic file (type png)
 <use Images/i=3.png>
Package pdftex.def Info: Images/i=3.png used on input line 58.
(pdftex.def)             Requested size: 150.00046pt x 149.99773pt.

<Images/i=10.png, id=194, 473.77pt x 479.7925pt>
File: Images/i=10.png Graphic file (type png)
 <use Images/i=10.png>
Package pdftex.def Info: Images/i=10.png used on input line 59.
(pdftex.def)             Requested size: 149.99739pt x 150.00067pt.
)
[37 <./Images/i=0.png> <./Images/i=1.png> <./Images/i=3.png> <./Images/i=10.png
>]
\openout2 = `Chapters/chap5.aux'.

 (./Chapters/chap5.tex
Chapter 5.
<Images/graphics_pipeline.jpg, id=199, 817.0525pt x 68.255pt>
File: Images/graphics_pipeline.jpg Graphic file (type jpg)

<use Images/graphics_pipeline.jpg>
Package pdftex.def Info: Images/graphics_pipeline.jpg used on input line 13.
(pdftex.def)             Requested size: 450.0pt x 37.59242pt.

Overfull \hbox (33.16711pt too wide) in paragraph at lines 13--14
 [][] 
 []

[38



 <./Images/graphics_pipeline.jpg>] [39] [40]
<Images/glsl_setup.jpg, id=209, 688.5725pt x 550.055pt>
File: Images/glsl_setup.jpg Graphic file (type jpg)

<use Images/glsl_setup.jpg>
Package pdftex.def Info: Images/glsl_setup.jpg used on input line 61.
(pdftex.def)             Requested size: 450.0pt x 359.47871pt.

Overfull \hbox (33.16711pt too wide) in paragraph at lines 61--62
 [][] 
 []

[41 <./Images/glsl_setup.jpg>] [42]
Overfull \hbox (6.82637pt too wide) in paragraph at lines 90--91
[]\OT1/ptm/m/n/12 The above techiques en-ables flow of data from ap-pli-ca-tion
 pro-gram to GPU shaders.
 []

[43] [44]
Overfull \hbox (5.64279pt too wide) in paragraph at lines 129--130
[]\OT1/ptm/m/n/12 In this the-sis, we use ray cast-ing to per-form all the com-
pu-ta-tions in-volved in visibility-
 []

) [45]
\openout2 = `Chapters/chap6.aux'.

 (./Chapters/chap6.tex
Chapter 6.
[46



]) [47] (./thesis.bbl [48


]
Missing character: There is no √ in font ptmr7t!
Missing character: There is no ∂ in font ptmr7t!
Missing character: There is no √ in font ptmr7t!
Missing character: There is no ü in font ptmr7t!
 [49] [50]) [51] (./thesis.aux (./abstract.aux)
(./acknowledgments.aux) (./Chapters/chap1.aux) (./Chapters/chap2.aux)
(./Chapters/chap3.aux) (./Chapters/chap4.aux) (./Chapters/chap5.aux)
(./Chapters/chap6.aux))

LaTeX Warning: There were multiply-defined labels.

 ) 
Here is how much of TeX's memory you used:
 6516 strings out of 495028
 94408 string characters out of 6181497
 212360 words of memory out of 5000000
 9478 multiletter control sequences out of 15000+600000
 52281 words of font info for 112 fonts, out of 8000000 for 9000
 14 hyphenation exceptions out of 8191
 49i,12n,58p,1404b,993s stack positions out of 5000i,500n,10000p,200000b,80000s
{/usr/share/texlive/texmf-dist/fonts/enc/dvips/base/8r.enc}</usr/share/texliv
e/texmf-dist/fonts/type1/public/amsfonts/cm/cmex10.pfb></usr/share/texlive/texm
f-dist/fonts/type1/public/amsfonts/cm/cmmi10.pfb></usr/share/texlive/texmf-dist
/fonts/type1/public/amsfonts/cm/cmr10.pfb></usr/share/texlive/texmf-dist/fonts/
type1/public/amsfonts/cm/cmsy10.pfb></usr/share/texlive/texmf-dist/fonts/type1/
public/amsfonts/cm/cmtt9.pfb></usr/share/texlive/texmf-dist/fonts/type1/public/
rsfs/rsfs10.pfb></usr/share/texlive/texmf-dist/fonts/type1/urw/symbol/usyr.pfb>
</usr/share/texlive/texmf-dist/fonts/type1/urw/symbol/usyr.pfb></usr/share/texl
ive/texmf-dist/fonts/type1/urw/times/utmb8a.pfb></usr/share/texlive/texmf-dist/
fonts/type1/urw/times/utmr8a.pfb></usr/share/texlive/texmf-dist/fonts/type1/urw
/times/utmri8a.pfb>
Output written on thesis.pdf (64 pages, 2429047 bytes).
PDF statistics:
 284 PDF objects out of 1000 (max. 8388607)
 178 compressed objects within 2 object streams
 0 named destinations out of 1000 (max. 500000)
 126 words of extra memory for PDF output out of 10000 (max. 10000000)

